d:\progs\test_cv\opencv_reg\opencv_reg\debug\vc120.pdb
d:\progs\test_cv\opencv_reg\opencv_reg\debug\vc120.idb
d:\progs\test_cv\opencv_reg\opencv_reg\debug\main.obj
d:\two_vers\opencv_imagereg\opencv_reg\opencv_reg\debug\vc120.pdb
d:\two_vers\opencv_imagereg\opencv_reg\opencv_reg\debug\vc120.idb
d:\two_vers\opencv_imagereg\opencv_reg\opencv_reg\debug\main.obj
d:\two_vers\opencv_img_reg\debug\vc120.pdb
d:\two_vers\opencv_img_reg\debug\vc120.idb
d:\two_vers\opencv_img_reg\debug\main.obj
d:\progs\test_cv\opencv_reg\debug\opencv_reg.exe
d:\progs\test_cv\opencv_reg\debug\opencv_reg.pdb
d:\two_vers\opencv_imagereg\opencv_reg\debug\opencv_reg.exe
d:\two_vers\opencv_imagereg\opencv_reg\debug\opencv_reg.pdb
d:\two_vers\opencv_img_reg\debug\opencv_reg.exe
d:\two_vers\opencv_img_reg\debug\opencv_reg.pdb
d:\two_vers\opencv_img_reg\debug\opencv_reg.tlog\cl.command.1.tlog
d:\two_vers\opencv_img_reg\debug\opencv_reg.tlog\cl.read.1.tlog
d:\two_vers\opencv_img_reg\debug\opencv_reg.tlog\cl.write.1.tlog
d:\two_vers\opencv_img_reg\debug\opencv_reg.tlog\link.command.1.tlog
d:\two_vers\opencv_img_reg\debug\opencv_reg.tlog\link.read.1.tlog
d:\two_vers\opencv_img_reg\debug\opencv_reg.tlog\link.write.1.tlog
